<?xml version="1.0" encoding="UTF-8"?>
<robot generator="Robot 3.0.4 (Python 3.7.0 on darwin)" generated="20180831 12:50:44.218">
<suite id="s1" name="Ooma-Office" source="/Users/karenventura/Documents/robot-framework-demo/ooma-office.robot">
<test id="s1-t1" name="Valid Login">
<kw name="Open Browser To Login Page">
<kw name="Open Browser" library="SeleniumLibrary">
<doc>Opens a new browser instance to the given ``url``.</doc>
<arguments>
<arg>${LOGIN URL}</arg>
<arg>${BROWSER}</arg>
</arguments>
<msg timestamp="20180831 12:50:44.327" level="INFO">Opening browser 'Firefox' to base url 'https://office-qa.ooma.com/'.</msg>
<status status="PASS" starttime="20180831 12:50:44.327" endtime="20180831 12:50:59.837"></status>
</kw>
<kw name="Maximize Browser Window" library="SeleniumLibrary">
<doc>Maximizes current browser window.</doc>
<status status="PASS" starttime="20180831 12:50:59.838" endtime="20180831 12:51:00.133"></status>
</kw>
<kw name="Set Selenium Speed" library="SeleniumLibrary">
<doc>Sets the delay that is waited after each Selenium command.</doc>
<arguments>
<arg>${DELAY}</arg>
</arguments>
<status status="PASS" starttime="20180831 12:51:00.133" endtime="20180831 12:51:00.133"></status>
</kw>
<status status="PASS" starttime="20180831 12:50:44.326" endtime="20180831 12:51:00.134"></status>
</kw>
<kw name="Input PhoneNumber">
<kw name="Input Text" library="SeleniumLibrary">
<doc>Types the given ``text`` into text field identified by ``locator``.</doc>
<arguments>
<arg>id=phone</arg>
<arg>6509996297</arg>
</arguments>
<msg timestamp="20180831 12:51:00.134" level="INFO">Typing text '6509996297' into text field 'id=phone'.</msg>
<status status="PASS" starttime="20180831 12:51:00.134" endtime="20180831 12:51:00.178"></status>
</kw>
<status status="PASS" starttime="20180831 12:51:00.134" endtime="20180831 12:51:00.178"></status>
</kw>
<kw name="Input Password">
<kw name="Input Text" library="SeleniumLibrary">
<doc>Types the given ``text`` into text field identified by ``locator``.</doc>
<arguments>
<arg>id=password</arg>
<arg>mrxvqaf6</arg>
</arguments>
<msg timestamp="20180831 12:51:00.178" level="INFO">Typing text 'mrxvqaf6' into text field 'id=password'.</msg>
<status status="PASS" starttime="20180831 12:51:00.178" endtime="20180831 12:51:00.209"></status>
</kw>
<status status="PASS" starttime="20180831 12:51:00.178" endtime="20180831 12:51:00.209"></status>
</kw>
<kw name="Submit Credentials">
<kw name="Click Button" library="SeleniumLibrary">
<doc>Clicks button identified by ``locator``.</doc>
<arguments>
<arg>login_button</arg>
</arguments>
<msg timestamp="20180831 12:51:00.210" level="INFO">Clicking button 'login_button'.</msg>
<status status="PASS" starttime="20180831 12:51:00.210" endtime="20180831 12:51:05.470"></status>
</kw>
<status status="PASS" starttime="20180831 12:51:00.210" endtime="20180831 12:51:05.470"></status>
</kw>
<kw name="Welcome Page Should Be Open">
<kw name="Sleep" library="BuiltIn">
<doc>Pauses the test executed for the given time.</doc>
<arguments>
<arg>10s</arg>
</arguments>
<msg timestamp="20180831 12:51:15.472" level="INFO">Slept 10 seconds</msg>
<status status="PASS" starttime="20180831 12:51:05.471" endtime="20180831 12:51:15.472"></status>
</kw>
<kw name="Location Should Be" library="SeleniumLibrary">
<doc>Verifies that current URL is exactly ``url``.</doc>
<arguments>
<arg>${WELCOME URL}</arg>
</arguments>
<msg timestamp="20180831 12:51:15.476" level="INFO">Current location is 'https://office-qa.ooma.com/v2/extensions'.</msg>
<status status="PASS" starttime="20180831 12:51:15.473" endtime="20180831 12:51:15.477"></status>
</kw>
<status status="PASS" starttime="20180831 12:51:05.471" endtime="20180831 12:51:15.477"></status>
</kw>
<kw name="Close Browser" library="SeleniumLibrary">
<doc>Closes the current browser.</doc>
<status status="PASS" starttime="20180831 12:51:15.477" endtime="20180831 12:51:15.908"></status>
</kw>
<status status="PASS" starttime="20180831 12:50:44.326" endtime="20180831 12:51:15.908" critical="yes"></status>
</test>
<doc>A demo to test Weather Underground</doc>
<status status="PASS" starttime="20180831 12:50:44.221" endtime="20180831 12:51:15.909"></status>
</suite>
<statistics>
<total>
<stat pass="1" fail="0">Critical Tests</stat>
<stat pass="1" fail="0">All Tests</stat>
</total>
<tag>
</tag>
<suite>
<stat pass="1" fail="0" id="s1" name="Ooma-Office">Ooma-Office</stat>
</suite>
</statistics>
<errors>
</errors>
</robot>
